POST /generate HTTP/1.1
POST /generate HTTP/1.1
POST /generate HTTP/1.1
POST /generate HTTP/1.1
POST /generate HTTP/1.1
POST /generate HTTP/1.1
POST /generate HTTP/1.1
POST /generate HTTP/1.1
GET / HTTP/1.1
GET /static/css/style.css HTTP/1.1
GET /static/js/main.js HTTP/1.1
GET /favicon.ico HTTP/1.1
POST /generate HTTP/1.1
POST /generate HTTP/1.1
POST /generate HTTP/1.1
POST /generate HTTP/1.1
POST /generate HTTP/1.1
POST /generate HTTP/1.1
GET /static/css/style.css HTTP/1.1
GET /generated/images/je_1.png HTTP/1.1
GET /static/js/main.js HTTP/1.1
GET /generated/audio/je_1.mp3 HTTP/1.1
GET / HTTP/1.1
GET /static/css/style.css HTTP/1.1
GET /static/js/main.js HTTP/1.1
GET /static/css/style.css HTTP/1.1
POST /generate HTTP/1.1
POST /generate HTTP/1.1
GET /static/css/style.css HTTP/1.1
GET /static/js/main.js HTTP/1.1
GET /generated/audio/je_1.mp3 HTTP/1.1
GET /generated/audio/je_2.mp3 HTTP/1.1
GET /generated/audio/il_1.mp3 HTTP/1.1
GET /generated/audio/tu_2.mp3 HTTP/1.1
GET /generated/audio/il_2.mp3 HTTP/1.1
GET /generated/audio/tu_1.mp3 HTTP/1.1
GET / HTTP/1.1
GET /static/js/main.js HTTP/1.1
GET /static/css/style.css HTTP/1.1
POST /generate HTTP/1.1
POST /generate HTTP/1.1
GET /static/css/style.css HTTP/1.1
GET /static/js/main.js HTTP/1.1
GET /generated/audio/je_2.mp3 HTTP/1.1
GET /generated/audio/je_1.mp3 HTTP/1.1
GET /generated/audio/tu_1.mp3 HTTP/1.1
GET /generated/audio/tu_2.mp3 HTTP/1.1
POST /generate HTTP/1.1
POST /generate HTTP/1.1
GET /static/css/style.css HTTP/1.1
GET /static/js/main.js HTTP/1.1
GET /generated/audio/je_1.mp3 HTTP/1.1
GET / HTTP/1.1
GET /static/css/style.css HTTP/1.1
GET /static/js/main.js HTTP/1.1
POST /generate HTTP/1.1
POST /generate HTTP/1.1
GET /static/css/style.css HTTP/1.1
GET /static/js/main.js HTTP/1.1
GET /generated/audio/je_1.mp3 HTTP/1.1
POST /generate HTTP/1.1
POST /generate HTTP/1.1
POST /generate HTTP/1.1
POST /generate HTTP/1.1
GET / HTTP/1.1
GET /static/css/style.css HTTP/1.1
GET /static/js/main.js HTTP/1.1
POST /generate HTTP/1.1
POST /generate HTTP/1.1
GET /static/css/style.css HTTP/1.1
GET /static/js/main.js HTTP/1.1
POST /generate HTTP/1.1
POST /generate HTTP/1.1
GET /generated/audio/je_1.mp3 HTTP/1.1
GET /generated/audio/je_2.mp3 HTTP/1.1
GET /generated/audio/tu_2.mp3 HTTP/1.1
POST /generate HTTP/1.1
POST /generate HTTP/1.1
GET /static/css/style.css HTTP/1.1
GET /static/js/main.js HTTP/1.1
GET /generated/audio/je_1.mp3 HTTP/1.1
POST /generate HTTP/1.1
POST /generate HTTP/1.1
POST /generate HTTP/1.1
POST /generate HTTP/1.1
POST /generate HTTP/1.1
POST /generate HTTP/1.1
POST /generate HTTP/1.1
POST /generate HTTP/1.1
POST /generate HTTP/1.1
POST /generate HTTP/1.1
POST /generate HTTP/1.1
POST /generate HTTP/1.1
GET / HTTP/1.1
GET /static/css/style.css HTTP/1.1
GET /static/js/main.js HTTP/1.1
POST /generate HTTP/1.1
POST /generate HTTP/1.1
GET /static/css/style.css HTTP/1.1
GET /static/js/main.js HTTP/1.1
GET /generated/audio/je_1.mp3 HTTP/1.1
POST /generate HTTP/1.1
POST /generate HTTP/1.1
GET /static/css/style.css HTTP/1.1
GET /static/js/main.js HTTP/1.1
GET /generated/audio/je_1.mp3 HTTP/1.1
GET /favicon.ico HTTP/1.1
POST /generate HTTP/1.1
POST /generate HTTP/1.1
GET /static/css/style.css HTTP/1.1
GET /static/js/main.js HTTP/1.1
GET /generated/audio/je_1.mp3 HTTP/1.1
GET /favicon.ico HTTP/1.1
POST /generate HTTP/1.1
POST /generate HTTP/1.1
POST /generate HTTP/1.1
POST /generate HTTP/1.1
POST /generate HTTP/1.1
POST /generate HTTP/1.1
POST /generate HTTP/1.1
POST /generate HTTP/1.1
POST /generate HTTP/1.1
POST /generate HTTP/1.1
POST /generate HTTP/1.1
POST /generate HTTP/1.1
POST /generate HTTP/1.1
POST /generate HTTP/1.1
POST /generate HTTP/1.1
POST /generate HTTP/1.1
POST /generate HTTP/1.1
POST /generate HTTP/1.1
POST /generate HTTP/1.1
POST /generate HTTP/1.1
POST /generate HTTP/1.1
POST /generate HTTP/1.1
POST /generate HTTP/1.1
POST /generate HTTP/1.1
POST /generate HTTP/1.1
POST /generate HTTP/1.1
HEAD /generated/images/je_1.png HTTP/1.1
POST /generate HTTP/1.1
POST /generate HTTP/1.1
POST /generate HTTP/1.1
POST /generate HTTP/1.1
POST /generate HTTP/1.1
POST /generate HTTP/1.1
POST /generate HTTP/1.1
POST /generate HTTP/1.1
POST /generate HTTP/1.1
POST /generate HTTP/1.1
POST /generate HTTP/1.1
POST /generate HTTP/1.1
POST /generate HTTP/1.1
POST /generate HTTP/1.1
POST /generate HTTP/1.1
POST /generate HTTP/1.1
POST /generate HTTP/1.1
POST /generate HTTP/1.1
POST /generate HTTP/1.1
POST /generate HTTP/1.1
POST /generate HTTP/1.1
POST /generate HTTP/1.1
POST /generate HTTP/1.1
POST /generate HTTP/1.1
POST /generate HTTP/1.1
POST /generate HTTP/1.1
POST /generate HTTP/1.1
POST /generate HTTP/1.1
POST /generate HTTP/1.1
POST /generate HTTP/1.1
POST /generate HTTP/1.1
POST /generate HTTP/1.1
GET / HTTP/1.1
GET /static/css/style.css HTTP/1.1
GET /static/js/main.js HTTP/1.1
POST /generate HTTP/1.1
POST /generate HTTP/1.1
GET /static/css/style.css HTTP/1.1
GET /static/js/main.js HTTP/1.1
GET /generated/images/je_1.png HTTP/1.1
POST /generate HTTP/1.1
POST /generate HTTP/1.1
GET /static/css/style.css HTTP/1.1
GET /static/js/main.js HTTP/1.1
GET /favicon.ico HTTP/1.1
POST /generate HTTP/1.1
POST /generate HTTP/1.1
GET /static/css/style.css HTTP/1.1
GET /static/js/main.js HTTP/1.1
GET / HTTP/1.1
GET /static/css/style.css HTTP/1.1
GET /static/js/main.js HTTP/1.1
POST /generate HTTP/1.1
POST /generate HTTP/1.1
GET /static/css/style.css HTTP/1.1
GET /generated/images/je_1.png HTTP/1.1
GET /static/js/main.js HTTP/1.1
GET /generated/audio/je_1.mp3 HTTP/1.1
GET /generated/audio/je_1.mp3 HTTP/1.1
GET /generated/audio/je_1.mp3 HTTP/1.1
GET /generated/audio/je_1.mp3 HTTP/1.1
GET /generated/audio/je_1.mp3 HTTP/1.1
POST /generate HTTP/1.1
POST /generate HTTP/1.1
GET /static/css/style.css HTTP/1.1
GET /generated/images/je_1.png HTTP/1.1
GET /static/js/main.js HTTP/1.1
GET /generated/audio/je_1.mp3 HTTP/1.1
GET /favicon.ico HTTP/1.1
POST /generate HTTP/1.1
POST /generate HTTP/1.1
GET /static/css/style.css HTTP/1.1
GET /generated/images/je_1.png HTTP/1.1
GET /static/js/main.js HTTP/1.1
GET /generated/audio/je_1.mp3 HTTP/1.1
GET / HTTP/1.1
GET /static/css/style.css HTTP/1.1
GET /static/js/main.js HTTP/1.1
POST /generate HTTP/1.1
POST /generate HTTP/1.1
GET /static/css/style.css HTTP/1.1
GET /generated/images/je_1.png HTTP/1.1
GET /static/js/main.js HTTP/1.1
GET /generated/audio/je_1.mp3 HTTP/1.1
GET / HTTP/1.1
GET /static/css/style.css HTTP/1.1
POST /generate HTTP/1.1
POST /generate HTTP/1.1
GET /static/css/style.css HTTP/1.1
GET /generated/images/je_1.png HTTP/1.1
GET /static/js/main.js HTTP/1.1
GET /generated/audio/je_1.mp3 HTTP/1.1
GET / HTTP/1.1
GET /static/css/style.css HTTP/1.1
GET /static/js/main.js HTTP/1.1
POST /generate HTTP/1.1
POST /generate HTTP/1.1
GET /static/css/style.css HTTP/1.1
GET /generated/images/je_1.png HTTP/1.1
GET /static/js/main.js HTTP/1.1
GET /generated/audio/je_1.mp3 HTTP/1.1
GET / HTTP/1.1
GET /static/css/style.css HTTP/1.1
GET /static/js/main.js HTTP/1.1
GET /favicon.ico HTTP/1.1
POST /generate HTTP/1.1
POST /generate HTTP/1.1
GET /static/css/style.css HTTP/1.1
GET /generated/images/je_1.png HTTP/1.1
GET /static/js/main.js HTTP/1.1
GET /generated/audio/je_1.mp3 HTTP/1.1
GET / HTTP/1.1
GET /static/css/style.css HTTP/1.1
GET /static/js/main.js HTTP/1.1
POST /generate HTTP/1.1
POST /generate HTTP/1.1
GET /static/css/style.css HTTP/1.1
GET /generated/images/je_1.png HTTP/1.1
GET /static/js/main.js HTTP/1.1
GET /generated/audio/je_1.mp3 HTTP/1.1
GET / HTTP/1.1
GET /static/css/style.css HTTP/1.1
GET /static/js/main.js HTTP/1.1
POST /generate HTTP/1.1
POST /generate HTTP/1.1
GET /static/css/style.css HTTP/1.1
GET /generated/images/je_1.png HTTP/1.1
GET /static/js/main.js HTTP/1.1
GET /generated/audio/je_1.mp3 HTTP/1.1
GET /generated/audio/je_1.mp3 HTTP/1.1
GET /generated/audio/je_1.mp3 HTTP/1.1
GET / HTTP/1.1
GET /static/css/style.css HTTP/1.1
GET /static/js/main.js HTTP/1.1
GET /favicon.ico HTTP/1.1
POST /generate HTTP/1.1
GET /generated/images/je_1.png HTTP/1.1
GET /static/js/main.js HTTP/1.1
GET /static/css/style.css HTTP/1.1
GET /generated/audio/je_1.mp3 HTTP/1.1
GET /favicon.ico HTTP/1.1
POST /generate HTTP/1.1
GET /generated/images/je_1.png HTTP/1.1
GET /static/css/style.css HTTP/1.1
GET /static/js/main.js HTTP/1.1
GET /generated/audio/je_1.mp3 HTTP/1.1
POST /generate HTTP/1.1
GET / HTTP/1.1
GET /static/css/style.css HTTP/1.1
GET /static/js/main.js HTTP/1.1
POST /generate HTTP/1.1
GET /static/css/style.css HTTP/1.1
GET /generated/images/je_1.png HTTP/1.1
GET /generated/images/je_2.png HTTP/1.1
GET /static/js/main.js HTTP/1.1
GET /generated/images/tu_1.png HTTP/1.1
GET /generated/images/tu_2.png HTTP/1.1
GET /generated/audio/je_1.mp3 HTTP/1.1
GET /generated/audio/je_2.mp3 HTTP/1.1
GET /generated/audio/tu_1.mp3 HTTP/1.1
GET /generated/audio/tu_2.mp3 HTTP/1.1
GET /favicon.ico HTTP/1.1
POST /generate HTTP/1.1
GET / HTTP/1.1
GET /static/css/style.css HTTP/1.1
GET / HTTP/1.1
GET /static/css/style.css HTTP/1.1
GET / HTTP/1.1
GET /static/css/style.css HTTP/1.1
GET /static/js/main.js HTTP/1.1
POST /generate HTTP/1.1
GET /static/css/style.css HTTP/1.1
GET /generated/images/je_1.png HTTP/1.1
GET /generated/images/tu_1.png HTTP/1.1
GET /static/js/main.js HTTP/1.1
GET /generated/audio/je_1.mp3 HTTP/1.1
GET /generated/audio/tu_1.mp3 HTTP/1.1
GET /favicon.ico HTTP/1.1
POST /generate HTTP/1.1
GET /generated/images/je_1.png HTTP/1.1
GET /static/css/style.css HTTP/1.1
GET /generated/images/tu_1.png HTTP/1.1
GET /static/js/main.js HTTP/1.1
GET /generated/audio/je_1.mp3 HTTP/1.1
GET /generated/audio/tu_1.mp3 HTTP/1.1
POST /generate HTTP/1.1
POST /generate HTTP/1.1
POST /generate HTTP/1.1
GET / HTTP/1.1
GET /static/css/style.css HTTP/1.1
GET /static/js/main.js HTTP/1.1
POST /generate HTTP/1.1
GET /static/css/style.css HTTP/1.1
GET /generated/images/je_1.png HTTP/1.1
GET /generated/images/tu_1.png HTTP/1.1
GET /static/js/main.js HTTP/1.1
GET /generated/audio/je_1.mp3 HTTP/1.1
GET /generated/audio/tu_1.mp3 HTTP/1.1
GET /favicon.ico HTTP/1.1
POST /generate HTTP/1.1
GET /static/css/style.css HTTP/1.1
GET /generated/images/je_1.png HTTP/1.1
GET /generated/images/tu_1.png HTTP/1.1
GET /static/js/main.js HTTP/1.1
GET /generated/audio/je_1.mp3 HTTP/1.1
GET /generated/audio/tu_1.mp3 HTTP/1.1
POST /generate HTTP/1.1
GET /static/css/style.css HTTP/1.1
GET /generated/images/je_1.png HTTP/1.1
GET /generated/images/tu_1.png HTTP/1.1
GET /static/js/main.js HTTP/1.1
GET /generated/audio/je_1.mp3 HTTP/1.1
GET /generated/audio/tu_1.mp3 HTTP/1.1
POST /generate HTTP/1.1
GET /static/css/style.css HTTP/1.1
GET /generated/images/i_1.png HTTP/1.1
GET /generated/images/you_1.png HTTP/1.1
GET /generated/audio/i_1.mp3 HTTP/1.1
GET /generated/audio/you_1.mp3 HTTP/1.1
GET /static/js/main.js HTTP/1.1
POST /generate HTTP/1.1
POST /generate HTTP/1.1
POST /generate HTTP/1.1
POST /generate HTTP/1.1
POST /generate HTTP/1.1
POST /generate HTTP/1.1
POST /generate HTTP/1.1
POST /generate HTTP/1.1
GET / HTTP/1.1
GET /static/css/style.css HTTP/1.1
GET /static/js/main.js HTTP/1.1
POST /generate HTTP/1.1
GET /static/css/style.css HTTP/1.1
GET /generated/images/de_1.png HTTP/1.1
GET /generated/images/de_2.png HTTP/1.1
GET /static/js/main.js HTTP/1.1
GET /generated/images/je_1.png HTTP/1.1
GET /generated/images/je_2.png HTTP/1.1
GET /generated/audio/je_1.mp3 HTTP/1.1
GET /generated/audio/de_2.mp3 HTTP/1.1
GET /generated/audio/de_1.mp3 HTTP/1.1
GET /generated/audio/je_2.mp3 HTTP/1.1
GET /favicon.ico HTTP/1.1
POST /generate HTTP/1.1
POST /generate HTTP/1.1
POST /generate HTTP/1.1
POST /generate HTTP/1.1
POST /generate HTTP/1.1
POST /generate HTTP/1.1
POST /generate HTTP/1.1
POST /generate HTTP/1.1
POST /generate HTTP/1.1
POST /generate HTTP/1.1
POST /generate HTTP/1.1
POST /generate HTTP/1.1
GET / HTTP/1.1
GET /static/css/style.css HTTP/1.1
GET /static/js/main.js HTTP/1.1
POST /generate HTTP/1.1
GET /static/css/style.css HTTP/1.1
GET /generated/images/de_1.png HTTP/1.1
GET /generated/images/de_2.png HTTP/1.1
GET /generated/images/je_1.png HTTP/1.1
GET /generated/images/je_2.png HTTP/1.1
GET /static/js/main.js HTTP/1.1
GET /generated/audio/de_1.mp3 HTTP/1.1
GET /generated/audio/de_2.mp3 HTTP/1.1
GET /generated/audio/je_1.mp3 HTTP/1.1
GET /generated/audio/je_2.mp3 HTTP/1.1
GET /favicon.ico HTTP/1.1
GET / HTTP/1.1
GET /static/css/style.css HTTP/1.1
GET /static/js/main.js HTTP/1.1
POST /generate HTTP/1.1
GET /static/css/style.css HTTP/1.1
GET /static/js/main.js HTTP/1.1
GET /generated/images/de_1.png HTTP/1.1
GET /generated/audio/de_1.mp3 HTTP/1.1
GET /favicon.ico HTTP/1.1
POST /generate HTTP/1.1
GET /static/css/style.css HTTP/1.1
GET /generated/images/de_1.png HTTP/1.1
GET /static/js/main.js HTTP/1.1
GET /generated/audio/de_1.mp3 HTTP/1.1
POST /generate HTTP/1.1
GET /static/css/style.css HTTP/1.1
GET /generated/images/you_1.png HTTP/1.1
GET /generated/audio/you_1.mp3 HTTP/1.1
GET /static/js/main.js HTTP/1.1
GET /favicon.ico HTTP/1.1
GET / HTTP/1.1
GET /static/css/style.css HTTP/1.1
GET /static/js/main.js HTTP/1.1
POST /generate HTTP/1.1
GET /static/css/style.css HTTP/1.1
GET /generated/images/de_1.png HTTP/1.1
GET /static/js/main.js HTTP/1.1
GET /generated/audio/de_1.mp3 HTTP/1.1
GET /favicon.ico HTTP/1.1
GET / HTTP/1.1
GET /static/css/style.css HTTP/1.1
GET /static/js/main.js HTTP/1.1
POST /generate HTTP/1.1
GET /static/css/style.css HTTP/1.1
GET /generated/images/de_1.png HTTP/1.1
GET /static/js/main.js HTTP/1.1
GET /generated/audio/de_1.mp3 HTTP/1.1
GET /favicon.ico HTTP/1.1
GET / HTTP/1.1
GET /static/css/style.css HTTP/1.1
GET /static/js/main.js HTTP/1.1
POST /generate HTTP/1.1
GET /static/css/style.css HTTP/1.1
GET /generated/images/you_1.png HTTP/1.1
GET /static/js/main.js HTTP/1.1
GET /generated/audio/you_1.mp3 HTTP/1.1
GET /favicon.ico HTTP/1.1
GET / HTTP/1.1
GET /static/css/style.css HTTP/1.1
GET /static/js/main.js HTTP/1.1
POST /generate HTTP/1.1
GET /static/css/style.css HTTP/1.1
GET /generated/images/you_1.png HTTP/1.1
GET /static/js/main.js HTTP/1.1
GET /generated/audio/you_1.mp3 HTTP/1.1
GET / HTTP/1.1
GET /static/css/style.css HTTP/1.1
GET /static/js/main.js HTTP/1.1
POST /generate HTTP/1.1
GET /static/css/style.css HTTP/1.1
GET /generated/images/you_1.png HTTP/1.1
GET /static/js/main.js HTTP/1.1
GET /generated/audio/you_1.mp3 HTTP/1.1
GET /favicon.ico HTTP/1.1
GET / HTTP/1.1
GET /static/css/style.css HTTP/1.1
GET /static/js/main.js HTTP/1.1
GET /favicon.ico HTTP/1.1
POST /generate HTTP/1.1
GET /static/css/style.css HTTP/1.1
GET /generated/images/de_1.png HTTP/1.1
GET /static/js/main.js HTTP/1.1
GET /generated/audio/de_1.mp3 HTTP/1.1
GET /favicon.ico HTTP/1.1
POST /generate HTTP/1.1
GET /static/css/style.css HTTP/1.1
GET /generated/images/to_1.png HTTP/1.1

GET /generated/images/the_2.png HTTP/1.1
GET /generated/images/to_2.png HTTP/1.1
GET /static/js/main.js HTTP/1.1
GET /generated/audio/the_1.mp3 HTTP/1.1
GET /generated/audio/the_2.mp3 HTTP/1.1
GET /generated/audio/to_1.mp3 HTTP/1.1
GET /generated/audio/to_2.mp3 HTTP/1.1
GET /favicon.ico HTTP/1.1
POST /generate HTTP/1.1
GET /static/css/style.css HTTP/1.1
GET /generated/images/de_1.png HTTP/1.1
GET /generated/images/la_1.png HTTP/1.1
GET /generated/images/la_2.png HTTP/1.1
GET /static/js/main.js HTTP/1.1
GET /generated/audio/de_1.mp3 HTTP/1.1
GET /generated/audio/de_2.mp3 HTTP/1.1
GET /generated/audio/la_1.mp3 HTTP/1.1
GET /generated/audio/la_2.mp3 HTTP/1.1
GET /favicon.ico HTTP/1.1
POST /generate HTTP/1.1
GET /static/css/style.css HTTP/1.1
GET /generated/images/die_1.png HTTP/1.1
GET /generated/images/die_2.png HTTP/1.1
GET /generated/images/der_1.png HTTP/1.1
GET /generated/images/der_2.png HTTP/1.1
GET /generated/images/und_1.png HTTP/1.1
GET /static/js/main.js HTTP/1.1
GET /generated/images/und_2.png HTTP/1.1
GET /generated/images/in_1.png HTTP/1.1
GET /generated/images/in_2.png HTTP/1.1
GET /generated/images/das_1.png HTTP/1.1
GET /generated/images/das_2.png HTTP/1.1
GET /generated/images/ich_2.png HTTP/1.1
GET /generated/images/ich_1.png HTTP/1.1
GET /generated/images/ist_1.png HTTP/1.1
GET /generated/images/ist_2.png HTTP/1.1
GET /generated/images/nicht_1.png HTTP/1.1
GET /generated/images/nicht_2.png HTTP/1.1
GET /generated/images/zu_1.png HTTP/1.1
GET /generated/images/zu_2.png HTTP/1.1
GET /generated/images/den_1.png HTTP/1.1
GET /generated/images/den_2.png HTTP/1.1
GET /generated/audio/die_1.mp3 HTTP/1.1
GET /generated/audio/die_2.mp3 HTTP/1.1
GET /generated/audio/der_1.mp3 HTTP/1.1
GET /generated/audio/der_2.mp3 HTTP/1.1
GET /generated/audio/und_1.mp3 HTTP/1.1
GET /generated/audio/und_2.mp3 HTTP/1.1
GET /generated/audio/in_1.mp3 HTTP/1.1
GET /generated/audio/in_2.mp3 HTTP/1.1
GET /generated/audio/das_1.mp3 HTTP/1.1
GET /generated/audio/das_2.mp3 HTTP/1.1
GET /generated/audio/ich_1.mp3 HTTP/1.1
GET /generated/audio/ich_2.mp3 HTTP/1.1
GET /generated/audio/ist_1.mp3 HTTP/1.1
GET /generated/audio/ist_2.mp3 HTTP/1.1
GET /generated/audio/nicht_1.mp3 HTTP/1.1
GET /generated/audio/nicht_2.mp3 HTTP/1.1
GET /generated/audio/zu_1.mp3 HTTP/1.1
GET /generated/audio/zu_2.mp3 HTTP/1.1
GET /generated/audio/den_1.mp3 HTTP/1.1
GET /generated/audio/den_2.mp3 HTTP/1.1
GET /favicon.ico HTTP/1.1
GET / HTTP/1.1
POST /generate HTTP/1.1
GET / HTTP/1.1
POST /generate HTTP/1.1
GET / HTTP/1.1
GET /static/css/style.css HTTP/1.1
GET /static/js/main.js HTTP/1.1
POST /generate HTTP/1.1
GET /static/css/style.css HTTP/1.1
GET /generated/images/de_1.png HTTP/1.1
GET /generated/images/la_1.png HTTP/1.1
GET /generated/images/de_2.png HTTP/1.1
GET /static/js/main.js HTTP/1.1
GET /generated/images/la_2.png HTTP/1.1
GET /generated/audio/de_1.mp3 HTTP/1.1
GET /generated/audio/de_2.mp3 HTTP/1.1
GET /generated/audio/la_1.mp3 HTTP/1.1
GET /generated/audio/la_2.mp3 HTTP/1.1
GET /favicon.ico HTTP/1.1
GET / HTTP/1.1
POST /generate HTTP/1.1
GET / HTTP/1.1
GET / HTTP/1.1
GET / HTTP/1.1
GET / HTTP/1.1
GET / HTTP/1.1
GET / HTTP/1.1
GET / HTTP/1.1
GET / HTTP/1.1
GET / HTTP/1.1
GET / HTTP/1.1
GET /static/css/style.css HTTP/1.1
GET /static/js/main.js HTTP/1.1
GET /favicon.ico HTTP/1.1
POST /generate HTTP/1.1
GET /static/css/style.css HTTP/1.1
GET /generated/images/de_1.png HTTP/1.1
GET /generated/images/la_1.png HTTP/1.1
GET /generated/images/la_2.png HTTP/1.1
GET /static/js/main.js HTTP/1.1
GET /generated/audio/de_1.mp3 HTTP/1.1
GET /generated/audio/de_2.mp3 HTTP/1.1
GET /generated/audio/la_1.mp3 HTTP/1.1
GET /generated/audio/la_2.mp3 HTTP/1.1
POST /generate HTTP/1.1
GET /static/css/style.css HTTP/1.1
GET /generated/images/de_1.png HTTP/1.1
GET /generated/images/de_2.png HTTP/1.1
GET /generated/images/la_1.png HTTP/1.1
GET /generated/images/la_2.png HTTP/1.1
GET /static/js/main.js HTTP/1.1
GET /generated/audio/de_1.mp3 HTTP/1.1
GET /generated/audio/de_2.mp3 HTTP/1.1
GET /generated/audio/la_1.mp3 HTTP/1.1
GET /generated/audio/la_2.mp3 HTTP/1.1
POST /generate HTTP/1.1
GET /static/css/style.css HTTP/1.1
GET /generated/images/the_1.png HTTP/1.1
GET /generated/images/the_2.png HTTP/1.1
GET /generated/images/to_1.png HTTP/1.1
GET /generated/images/to_2.png HTTP/1.1
GET /static/js/main.js HTTP/1.1
GET /generated/audio/the_1.mp3 HTTP/1.1
GET /generated/audio/the_2.mp3 HTTP/1.1
GET /generated/audio/to_1.mp3 HTTP/1.1
GET /generated/audio/to_2.mp3 HTTP/1.1
GET / HTTP/1.1
GET /static/css/style.css HTTP/1.1
GET /static/js/main.js HTTP/1.1
POST /generate HTTP/1.1
GET /static/css/style.css HTTP/1.1
GET /generated/images/de_1.png HTTP/1.1
GET /generated/images/de_2.png HTTP/1.1
GET /generated/images/la_1.png HTTP/1.1
GET /generated/images/la_2.png HTTP/1.1
GET /generated/audio/de_1.mp3 HTTP/1.1
GET /generated/audio/de_2.mp3 HTTP/1.1
GET /generated/audio/la_1.mp3 HTTP/1.1
GET /generated/audio/la_2.mp3 HTTP/1.1
GET /favicon.ico HTTP/1.1
POST /generate HTTP/1.1
GET /static/css/style.css HTTP/1.1
GET /generated/images/de_1.png HTTP/1.1
GET /generated/images/de_2.png HTTP/1.1
GET /generated/images/la_1.png HTTP/1.1
GET /static/js/main.js HTTP/1.1
TP/1.1
GET /generated/audio/de_1.mp3 HTTP/1.1
GET /generated/audio/de_2.mp3 HTTP/1.1
GET /generated/audio/la_1.mp3 HTTP/1.1
GET /generated/audio/la_2.mp3 HTTP/1.1
GET /favicon.ico HTTP/1.1
POST /generate HTTP/1.1
POST /generate HTTP/1.1
GET /static/css/style.css HTTP/1.1
GET /static/js/main.js HTTP/1.1
GET /generated/audio/de_1.mp3 HTTP/1.1
GET /generated/audio/de_2.mp3 HTTP/1.1
GET /generated/audio/la_1.mp3 HTTP/1.1
GET /generated/audio/la_2.mp3 HTTP/1.1
POST /generate HTTP/1.1
GET /static/css/style.css HTTP/1.1
GET /generated/audio/de_2.mp3 HTTP/1.1
GET /generated/audio/la_1.mp3 HTTP/1.1
GET /generated/audio/la_2.mp3 HTTP/1.1
GET /favicon.ico HTTP/1.1
POST /generate HTTP/1.1
GET /static/css/style.css HTTP/1.1
GET /static/js/main.js HTTP/1.1
GET /generated/audio/de_2.mp3 HTTP/1.1
GET /generated/audio/de_1.mp3 HTTP/1.1
GET /generated/audio/la_1.mp3 HTTP/1.1
GET /generated/audio/la_2.mp3 HTTP/1.1
GET /favicon.ico HTTP/1.1
POST /generate HTTP/1.1
GET /static/css/style.css HTTP/1.1
GET /static/js/main.js HTTP/1.1
GET /generated/audio/de_2.mp3 HTTP/1.1
GET /generated/audio/de_1.mp3 HTTP/1.1
GET /generated/audio/la_2.mp3 HTTP/1.1
POST /generate HTTP/1.1
GET /static/css/style.css HTTP/1.1
GET /static/js/main.js HTTP/1.1
GET /generated/audio/the_1.mp3 HTTP/1.1
GET /generated/audio/the_2.mp3 HTTP/1.1
GET /generated/audio/to_1.mp3 HTTP/1.1
GET /generated/audio/to_2.mp3 HTTP/1.1
GET /favicon.ico HTTP/1.1
GET / HTTP/1.1
GET /static/css/style.css HTTP/1.1
GET /static/js/main.js HTTP/1.1
POST /generate HTTP/1.1
GET /static/css/style.css HTTP/1.1
GET /static/js/main.js HTTP/1.1
GET /generated/audio/the_1.mp3 HTTP/1.1
GET /favicon.ico HTTP/1.1
POST /generate HTTP/1.1
GET /static/css/style.css HTTP/1.1
GET /static/js/main.js HTTP/1.1
GET /generated/audio/the_1.mp3 HTTP/1.1
GET / HTTP/1.1
GET /static/css/style.css HTTP/1.1
GET /static/js/main.js HTTP/1.1
POST /generate HTTP/1.1
GET /static/css/style.css HTTP/1.1
GET /static/js/main.js HTTP/1.1
GET /generated/audio/the_1.mp3 HTTP/1.1
GET /favicon.ico HTTP/1.1
GET / HTTP/1.1
GET /static/css/style.css HTTP/1.1
GET /static/js/main.js HTTP/1.1
GET / HTTP/1.1
GET /static/css/style.css HTTP/1.1
GET /static/js/main.js HTTP/1.1
POST /generate HTTP/1.1
GET /static/css/style.css HTTP/1.1
GET /static/js/main.js HTTP/1.1
GET /generated/audio/the_1.mp3 HTTP/1.1
GET /favicon.ico HTTP/1.1
POST /generate HTTP/1.1
GET /static/css/style.css HTTP/1.1
GET /static/js/main.js HTTP/1.1
GET /generated/audio/de_1.mp3 HTTP/1.1
GET /favicon.ico HTTP/1.1
GET / HTTP/1.1
POST /generate HTTP/1.1
GET / HTTP/1.1
GET /static/css/style.css HTTP/1.1
GET /static/js/main.js HTTP/1.1
POST /generate HTTP/1.1
GET /static/css/style.css HTTP/1.1
GET /static/js/main.js HTTP/1.1
GET /generated/audio/de_1.mp3 HTTP/1.1
GET / HTTP/1.1
GET /static/css/style.css HTTP/1.1
GET /static/js/main.js HTTP/1.1
GET /favicon.ico HTTP/1.1
POST /generate HTTP/1.1
GET /static/css/style.css HTTP/1.1
GET /static/js/main.js HTTP/1.1
GET /generated/audio/de_1.mp3 HTTP/1.1
GET /generated/audio/de_2.mp3 HTTP/1.1
GET /generated/audio/la_1.mp3 HTTP/1.1
GET /generated/audio/la_2.mp3 HTTP/1.1
GET /generated/audio/le_1.mp3 HTTP/1.1
GET /generated/audio/le_2.mp3 HTTP/1.1
GET /generated/audio/et_1.mp3 HTTP/1.1
GET /generated/audio/et_2.mp3 HTTP/1.1
GET /generated/audio/les_1.mp3 HTTP/1.1
GET /generated/audio/les_2.mp3 HTTP/1.1
GET /generated/audio/est_1.mp3 HTTP/1.1
GET /generated/audio/est_2.mp3 HTTP/1.1
GET /generated/audio/en_1.mp3 HTTP/1.1
GET /generated/audio/en_2.mp3 HTTP/1.1
GET /generated/audio/des_1.mp3 HTTP/1.1
GET /generated/audio/des_2.mp3 HTTP/1.1
GET /generated/audio/un_1.mp3 HTTP/1.1
GET /generated/audio/un_2.mp3 HTTP/1.1
GET /generated/audio/que_1.mp3 HTTP/1.1
GET /generated/audio/que_2.mp3 HTTP/1.1
GET / HTTP/1.1
GET /static/css/style.css HTTP/1.1
GET /static/js/main.js HTTP/1.1
POST /generate HTTP/1.1
GET /static/css/style.css HTTP/1.1
GET /static/js/main.js HTTP/1.1
GET /generated/audio/de_1.mp3 HTTP/1.1
GET /generated/audio/de_2.mp3 HTTP/1.1
GET /generated/audio/la_1.mp3 HTTP/1.1
GET /generated/audio/la_2.mp3 HTTP/1.1
GET /generated/audio/le_1.mp3 HTTP/1.1
GET /generated/audio/le_2.mp3 HTTP/1.1
GET /generated/audio/et_1.mp3 HTTP/1.1
GET /generated/audio/et_2.mp3 HTTP/1.1
GET /generated/audio/les_1.mp3 HTTP/1.1
GET /generated/audio/les_2.mp3 HTTP/1.1
GET /generated/audio/est_1.mp3 HTTP/1.1
GET /generated/audio/est_2.mp3 HTTP/1.1
GET /generated/audio/en_1.mp3 HTTP/1.1
GET /generated/audio/en_2.mp3 HTTP/1.1
GET /generated/audio/des_1.mp3 HTTP/1.1
GET /generated/audio/des_2.mp3 HTTP/1.1
GET /generated/audio/un_1.mp3 HTTP/1.1
GET /generated/audio/un_2.mp3 HTTP/1.1
GET /generated/audio/que_1.mp3 HTTP/1.1
GET /generated/audio/que_2.mp3 HTTP/1.1
GET / HTTP/1.1
GET /static/css/style.css HTTP/1.1
GET /static/js/main.js HTTP/1.1
GET / HTTP/1.1
POST /generate HTTP/1.1
POST /generate HTTP/1.1
POST /generate HTTP/1.1
GET /static/css/style.css HTTP/1.1
GET /generated/images/de_1.png HTTP/1.1
GET /generated/images/de_2.png HTTP/1.1
GET /static/js/main.js HTTP/1.1
GET /generated/audio/de_1.mp3 HTTP/1.1
GET /generated/audio/de_2.mp3 HTTP/1.1
GET / HTTP/1.1
GET /static/css/style.css HTTP/1.1
GET /static/js/main.js HTTP/1.1
POST /generate HTTP/1.1
GET /static/css/style.css HTTP/1.1
GET /generated/images/the_1.png HTTP/1.1
GET /generated/images/the_2.png HTTP/1.1
GET /static/js/main.js HTTP/1.1
GET /generated/audio/the_1.mp3 HTTP/1.1
GET /generated/audio/the_2.mp3 HTTP/1.1
GET /favicon.ico HTTP/1.1
POST /generate HTTP/1.1
POST /generate HTTP/1.1
POST /generate HTTP/1.1
GET /static/css/style.css HTTP/1.1
GET /generated/images/de_1.png HTTP/1.1
GET /generated/images/de_2.png HTTP/1.1
GET /static/js/main.js HTTP/1.1
GET /generated/audio/de_1.mp3 HTTP/1.1
GET /generated/audio/de_2.mp3 HTTP/1.1
GET /favicon.ico HTTP/1.1
GET /favicon.ico HTTP/1.1
POST /generate HTTP/1.1
POST /generate HTTP/1.1
GET / HTTP/1.1
GET /static/css/style.css HTTP/1.1
GET /static/js/main.js HTTP/1.1
POST /generate HTTP/1.1
GET /static/css/style.css HTTP/1.1
GET /generated/images/the_1.png HTTP/1.1
GET /generated/images/the_2.png HTTP/1.1
GET /static/js/main.js HTTP/1.1
GET /generated/audio/the_1.mp3 HTTP/1.1
GET /generated/audio/the_2.mp3 HTTP/1.1
GET /favicon.ico HTTP/1.1
GET / HTTP/1.1
GET /static/css/style.css HTTP/1.1
GET /static/js/main.js HTTP/1.1
POST /generate HTTP/1.1
GET /static/css/style.css HTTP/1.1
GET /generated/images/de_1.png HTTP/1.1
GET /generated/images/de_2.png HTTP/1.1
GET /static/js/main.js HTTP/1.1
GET /generated/audio/de_1.mp3 HTTP/1.1
GET /generated/audio/de_2.mp3 HTTP/1.1
GET /favicon.ico HTTP/1.1
GET / HTTP/1.1
GET /static/css/style.css HTTP/1.1
GET /static/js/main.js HTTP/1.1
GET /favicon.ico HTTP/1.1
POST /generate HTTP/1.1
GET /static/css/style.css HTTP/1.1
GET /generated/images/de_1.png HTTP/1.1
GET /generated/images/de_2.png HTTP/1.1
GET /static/js/main.js HTTP/1.1
GET /generated/audio/de_1.mp3 HTTP/1.1
GET /generated/audio/de_2.mp3 HTTP/1.1
POST /generate HTTP/1.1
GET /static/css/style.css HTTP/1.1
GET /static/js/main.js HTTP/1.1
GET /generated/audio/de_1.mp3 HTTP/1.1
GET /generated/audio/de_2.mp3 HTTP/1.1
GET /favicon.ico HTTP/1.1
POST /generate HTTP/1.1
GET /static/css/style.css HTTP/1.1
GET /generated/images/de_1.png HTTP/1.1
GET /generated/images/de_2.png HTTP/1.1
GET /static/js/main.js HTTP/1.1
GET /generated/audio/de_1.mp3 HTTP/1.1
GET /generated/audio/de_2.mp3 HTTP/1.1
GET /favicon.ico HTTP/1.1
GET / HTTP/1.1
POST /generate HTTP/1.1
GET / HTTP/1.1
POST /generate HTTP/1.1
POST /generate HTTP/1.1
GET /static/css/style.css HTTP/1.1
GET /generated/images/de_1.png HTTP/1.1
GET /generated/images/de_2.png HTTP/1.1
GET /static/js/main.js HTTP/1.1
GET /generated/audio/de_1.mp3 HTTP/1.1
GET /generated/audio/de_2.mp3 HTTP/1.1
GET /favicon.ico HTTP/1.1
POST /generate HTTP/1.1
GET /static/css/style.css HTTP/1.1
GET /generated/images/the_1.png HTTP/1.1
GET /static/js/main.js HTTP/1.1
GET /generated/audio/the_1.mp3 HTTP/1.1

GET /generated/audio/the_2.mp3 HTTP/1.1
GET /favicon.ico HTTP/1.1
GET / HTTP/1.1
GET /static/css/style.css HTTP/1.1
GET /static/js/main.js HTTP/1.1
GET /favicon.ico HTTP/1.1
POST /generate HTTP/1.1
GET /static/css/style.css HTTP/1.1
GET /generated/images/de_1.png HTTP/1.1
GET /generated/images/de_2.png HTTP/1.1
GET /static/js/main.js HTTP/1.1
GET /generated/images/la_1.png HTTP/1.1
GET /generated/images/la_2.png HTTP/1.1
GET /generated/audio/de_1.mp3 HTTP/1.1
GET /generated/audio/de_2.mp3 HTTP/1.1
GET /generated/audio/la_1.mp3 HTTP/1.1
GET /generated/audio/la_2.mp3 HTTP/1.1
GET /favicon.ico HTTP/1.1
POST /generate HTTP/1.1
POST /generate HTTP/1.1
POST /generate HTTP/1.1
POST /generate HTTP/1.1
POST /generate HTTP/1.1
GET / HTTP/1.1
GET /static/css/style.css HTTP/1.1
GET /static/js/main.js HTTP/1.1
POST /generate HTTP/1.1
GET /static/css/style.css HTTP/1.1
GET /generated/images/de_1.png HTTP/1.1
GET /generated/images/de_2.png HTTP/1.1
GET /generated/images/la_1.png HTTP/1.1
GET /generated/images/la_2.png HTTP/1.1
GET /static/js/main.js HTTP/1.1
GET /generated/audio/de_1.mp3 HTTP/1.1
GET /generated/audio/de_2.mp3 HTTP/1.1
GET /generated/audio/la_1.mp3 HTTP/1.1
GET /generated/audio/la_2.mp3 HTTP/1.1
GET /favicon.ico HTTP/1.1
POST /generate HTTP/1.1
GET /static/css/style.css HTTP/1.1
GET /generated/images/ecole_1.png HTTP/1.1
GET /static/js/main.js HTTP/1.1
GET /generated/images/ecole_2.png HTTP/1.1
GET /generated/audio/ecole_1.mp3 HTTP/1.1
GET /generated/audio/ecole_2.mp3 HTTP/1.1
GET /favicon.ico HTTP/1.1
GET / HTTP/1.1
GET /static/css/style.css HTTP/1.1
GET /static/js/main.js HTTP/1.1
POST /generate HTTP/1.1
GET /generated/images/ecole_1.png HTTP/1.1
GET /static/css/style.css HTTP/1.1
GET /generated/images/ecole_2.png HTTP/1.1
GET /generated/images/ecole_3.png HTTP/1.1
GET /static/js/main.js HTTP/1.1
GET /generated/audio/ecole_1.mp3 HTTP/1.1
GET /generated/audio/ecole_2.mp3 HTTP/1.1
GET /generated/audio/ecole_3.mp3 HTTP/1.1
GET /favicon.ico HTTP/1.1
POST /generate HTTP/1.1
GET /static/css/style.css HTTP/1.1
GET /generated/images/de_1.png HTTP/1.1
GET /static/js/main.js HTTP/1.1
TP/1.1
GET /generated/audio/de_1.mp3 HTTP/1.1
GET /generated/images/de_2.png HTTP/1.1
GET /generated/audio/de_2.mp3 HTTP/1.1
GET /generated/audio/de_3.mp3 HTTP/1.1
GET /favicon.ico HTTP/1.1
POST /generate HTTP/1.1
POST /generate HTTP/1.1
POST /generate HTTP/1.1
GET /static/css/style.css HTTP/1.1
GET /generated/images/de_1.png HTTP/1.1
GET /generated/images/de_2.png HTTP/1.1
GET /generated/audio/de_1.mp3 HTTP/1.1
GET /static/js/main.js HTTP/1.1
GET /generated/audio/de_2.mp3 HTTP/1.1
GET /generated/audio/de_3.mp3 HTTP/1.1
GET /favicon.ico HTTP/1.1
POST /generate HTTP/1.1
GET /static/css/style.css HTTP/1.1
GET /generated/images/ecole_1.png HTTP/1.1
GET /generated/images/ecole_3.png HTTP/1.1
GET /generated/images/ecole_2.png HTTP/1.1
GET /generated/audio/ecole_1.mp3 HTTP/1.1
GET /generated/audio/ecole_2.mp3 HTTP/1.1
GET /generated/audio/ecole_3.mp3 HTTP/1.1
GET /favicon.ico HTTP/1.1
POST /generate HTTP/1.1
GET /static/css/style.css HTTP/1.1
GET /static/js/main.js HTTP/1.1
GET /generated/audio/livre_1.mp3 HTTP/1.1
GET /generated/audio/livre_3.mp3 HTTP/1.1
GET /generated/audio/livre_2.mp3 HTTP/1.1
GET /favicon.ico HTTP/1.1
POST /generate HTTP/1.1
GET /static/css/style.css HTTP/1.1
1.1
GET /generated/images/de_2.png HTTP/1.1
GET /generated/audio/de_1.mp3 HTTP/1.1
GET /static/js/main.js HTTP/1.1
GET /generated/audio/de_2.mp3 HTTP/1.1
GET /generated/audio/de_3.mp3 HTTP/1.1
GET /favicon.ico HTTP/1.1
POST /generate HTTP/1.1
POST /generate HTTP/1.1
POST /generate HTTP/1.1
GET /static/css/style.css HTTP/1.1
GET /generated/images/de_1.png HTTP/1.1
GET /generated/images/de_2.png HTTP/1.1
GET /static/js/main.js HTTP/1.1
GET /generated/images/de_3.png HTTP/1.1
GET /generated/audio/de_1.mp3 HTTP/1.1
GET /generated/audio/de_2.mp3 HTTP/1.1
GET /generated/audio/de_3.mp3 HTTP/1.1
GET /favicon.ico HTTP/1.1
POST /generate HTTP/1.1
GET /static/css/style.css HTTP/1.1
GET /generated/images/livre_1.png HTTP/1.1
GET /generated/images/livre_2.png HTTP/1.1
GET /static/js/main.js HTTP/1.1
GET /generated/audio/livre_1.mp3 HTTP/1.1
GET /generated/audio/livre_2.mp3 HTTP/1.1
GET /generated/audio/livre_3.mp3 HTTP/1.1
POST /generate HTTP/1.1
GET /static/css/style.css HTTP/1.1
GET /generated/images/livre_1.png HTTP/1.1
GET /generated/images/livre_3.png HTTP/1.1
GET /static/js/main.js HTTP/1.1
GET /generated/audio/livre_1.mp3 HTTP/1.1
GET /generated/audio/livre_2.mp3 HTTP/1.1
GET /generated/audio/livre_3.mp3 HTTP/1.1
GET /favicon.ico HTTP/1.1
POST /generate HTTP/1.1
GET /static/css/style.css HTTP/1.1
GET /generated/images/de_1.png HTTP/1.1
GET /generated/images/de_2.png HTTP/1.1
GET /generated/images/de_3.png HTTP/1.1
GET /static/js/main.js HTTP/1.1
GET /generated/audio/de_1.mp3 HTTP/1.1
GET /generated/audio/de_2.mp3 HTTP/1.1
GET /generated/audio/de_3.mp3 HTTP/1.1
POST /generate HTTP/1.1
GET /static/css/style.css HTTP/1.1
GET /generated/images/de_1.png HTTP/1.1
GET /generated/images/de_2.png HTTP/1.1
GET /static/js/main.js HTTP/1.1
GET /generated/images/de_3.png HTTP/1.1
GET /generated/audio/de_1.mp3 HTTP/1.1
GET /generated/audio/de_2.mp3 HTTP/1.1
GET /generated/audio/de_3.mp3 HTTP/1.1
GET /favicon.ico HTTP/1.1
POST /generate HTTP/1.1
GET /static/css/style.css HTTP/1.1
GET /generated/images/de_1.png HTTP/1.1
GET /generated/images/de_2.png HTTP/1.1
GET /generated/images/de_3.png HTTP/1.1
GET /static/js/main.js HTTP/1.1
GET /generated/audio/de_1.mp3 HTTP/1.1
GET /generated/audio/de_2.mp3 HTTP/1.1
GET /generated/audio/de_3.mp3 HTTP/1.1
GET /favicon.ico HTTP/1.1
POST /generate HTTP/1.1
GET /static/css/style.css HTTP/1.1
GET /generated/images/de_1.png HTTP/1.1
GET /generated/images/de_2.png HTTP/1.1
GET /generated/images/de_3.png HTTP/1.1
GET /static/js/main.js HTTP/1.1
GET /generated/audio/de_1.mp3 HTTP/1.1
GET /generated/audio/de_2.mp3 HTTP/1.1
GET /generated/audio/de_3.mp3 HTTP/1.1
GET /favicon.ico HTTP/1.1
POST /generate HTTP/1.1
GET /generated/images/livre_1.png HTTP/1.1
GET /generated/images/livre_2.png HTTP/1.1
GET /generated/images/livre_3.png HTTP/1.1
POST /generate HTTP/1.1
GET /generated/images/de_1.png HTTP/1.1
GET /generated/images/de_2.png HTTP/1.1
GET /generated/images/de_3.png HTTP/1.1
GET / HTTP/1.1
GET /static/css/style.css HTTP/1.1
GET /static/js/main.js HTTP/1.1
POST /generate HTTP/1.1
GET /static/css/style.css HTTP/1.1
GET /static/js/main.js HTTP/1.1
GET /generated/audio/maison_1.mp3 HTTP/1.1
GET /generated/audio/maison_2.mp3 HTTP/1.1
GET /favicon.ico HTTP/1.1
POST /generate HTTP/1.1
GET /static/css/style.css HTTP/1.1
GET /static/js/main.js HTTP/1.1
GET /generated/audio/maison_1.mp3 HTTP/1.1
GET /generated/audio/maison_2.mp3 HTTP/1.1
GET /favicon.ico HTTP/1.1
POST /generate HTTP/1.1
GET /static/css/style.css HTTP/1.1
GET /generated/images/de_1.png HTTP/1.1
GET /generated/images/de_2.png HTTP/1.1
GET /static/js/main.js HTTP/1.1
GET /generated/audio/de_1.mp3 HTTP/1.1
GET /generated/audio/de_2.mp3 HTTP/1.1
GET /favicon.ico HTTP/1.1
POST /generate HTTP/1.1
POST /generate HTTP/1.1
POST /generate HTTP/1.1
GET /generated/images/livre_1.png HTTP/1.1
POST /generate HTTP/1.1
POST /generate HTTP/1.1
POST /generate HTTP/1.1
POST /generate HTTP/1.1
POST /generate HTTP/1.1
GET /generated/images/livre_1.png HTTP/1.1
POST /generate HTTP/1.1
POST /generate HTTP/1.1
GET / HTTP/1.1
GET /static/css/style.css HTTP/1.1
GET /static/js/main.js HTTP/1.1
POST /generate HTTP/1.1
GET /static/css/style.css HTTP/1.1
GET /static/js/main.js HTTP/1.1
GET /generated/audio/chat_1.mp3 HTTP/1.1
GET /generated/audio/chat_2.mp3 HTTP/1.1
GET /generated/audio/chat_3.mp3 HTTP/1.1
GET /favicon.ico HTTP/1.1
POST /generate HTTP/1.1
GET /static/css/style.css HTTP/1.1
GET /generated/images/de_1.png HTTP/1.1
GET /generated/images/de_2.png HTTP/1.1
GET /generated/images/de_3.png HTTP/1.1
GET /static/js/main.js HTTP/1.1
GET /generated/audio/de_1.mp3 HTTP/1.1
GET /generated/audio/de_2.mp3 HTTP/1.1
GET /generated/audio/de_3.mp3 HTTP/1.1
POST /generate HTTP/1.1
GET /static/css/style.css HTTP/1.1
GET /static/js/main.js HTTP/1.1
GET /generated/audio/maison_1.mp3 HTTP/1.1
GET /generated/audio/maison_2.mp3 HTTP/1.1
GET /generated/audio/maison_3.mp3 HTTP/1.1
POST /generate HTTP/1.1
GET /static/css/style.css HTTP/1.1
GET /generated/images/de_1.png HTTP/1.1
GET /generated/images/de_2.png HTTP/1.1
GET /generated/images/de_3.png HTTP/1.1
GET /static/js/main.js HTTP/1.1
GET /generated/audio/de_1.mp3 HTTP/1.1
GET /generated/audio/de_2.mp3 HTTP/1.1
GET /generated/audio/de_3.mp3 HTTP/1.1
POST /generate HTTP/1.1
POST /generate HTTP/1.1
POST /generate HTTP/1.1
POST /generate HTTP/1.1
POST /generate HTTP/1.1
POST /generate HTTP/1.1
POST /generate HTTP/1.1
GET /static/css/style.css HTTP/1.1
GET /static/js/main.js HTTP/1.1
GET /generated/audio/de_1.mp3 HTTP/1.1
GET /generated/audio/de_2.mp3 HTTP/1.1
GET /generated/audio/de_3.mp3 HTTP/1.1
GET /favicon.ico HTTP/1.1
POST /generate HTTP/1.1
GET /static/css/style.css HTTP/1.1
GET /static/js/main.js HTTP/1.1
GET /generated/audio/de_1.mp3 HTTP/1.1
GET /generated/audio/de_2.mp3 HTTP/1.1
GET /generated/audio/de_3.mp3 HTTP/1.1
GET /favicon.ico HTTP/1.1
POST /generate HTTP/1.1
GET /static/css/style.css HTTP/1.1
GET /static/js/main.js HTTP/1.1
GET /generated/audio/maison_1.mp3 HTTP/1.1
GET /generated/audio/maison_2.mp3 HTTP/1.1
GET /generated/audio/maison_3.mp3 HTTP/1.1
GET /favicon.ico HTTP/1.1
POST /generate HTTP/1.1
GET /static/css/style.css HTTP/1.1
GET /static/js/main.js HTTP/1.1
GET /generated/audio/maison_1.mp3 HTTP/1.1
GET /generated/audio/maison_2.mp3 HTTP/1.1
GET /generated/audio/maison_3.mp3 HTTP/1.1
GET /favicon.ico HTTP/1.1
POST /generate HTTP/1.1
GET /static/css/style.css HTTP/1.1
GET /static/js/main.js HTTP/1.1
GET /generated/audio/de_1.mp3 HTTP/1.1
GET /generated/audio/de_2.mp3 HTTP/1.1
GET /generated/audio/de_3.mp3 HTTP/1.1
GET /favicon.ico HTTP/1.1
POST /generate HTTP/1.1
GET /static/css/style.css HTTP/1.1
GET /generated/images/livre_1.png HTTP/1.1
GET /generated/images/livre_2.png HTTP/1.1
GET /generated/images/livre_3.png HTTP/1.1
GET /static/js/main.js HTTP/1.1
GET /generated/audio/livre_1.mp3 HTTP/1.1
GET /generated/audio/livre_2.mp3 HTTP/1.1
GET /generated/audio/livre_3.mp3 HTTP/1.1
POST /generate HTTP/1.1
GET /static/css/style.css HTTP/1.1
GET /generated/images/livre_1.png HTTP/1.1
GET /generated/images/livre_2.png HTTP/1.1
GET /generated/images/livre_3.png HTTP/1.1
GET /static/js/main.js HTTP/1.1
GET /generated/audio/livre_1.mp3 HTTP/1.1
GET /generated/audio/livre_2.mp3 HTTP/1.1
GET /generated/audio/livre_3.mp3 HTTP/1.1
GET /favicon.ico HTTP/1.1
POST /generate HTTP/1.1
GET /static/css/style.css HTTP/1.1
GET /static/js/main.js HTTP/1.1
GET /generated/audio/de_1.mp3 HTTP/1.1
GET /generated/audio/de_3.mp3 HTTP/1.1
GET /generated/audio/de_2.mp3 HTTP/1.1
POST /generate HTTP/1.1
GET /generated/images/livre_1.png HTTP/1.1
POST /generate HTTP/1.1
POST /generate HTTP/1.1
POST /generate HTTP/1.1
POST /generate HTTP/1.1
POST /generate HTTP/1.1
GET /generated/images/livre_1.png HTTP/1.1
POST /generate HTTP/1.1
POST /generate HTTP/1.1
POST /generate HTTP/1.1
POST /generate HTTP/1.1
POST /generate HTTP/1.1
POST /generate HTTP/1.1
GET /generated/images/livre_1.png HTTP/1.1
POST /generate HTTP/1.1
POST /generate HTTP/1.1
POST /generate HTTP/1.1
POST /generate HTTP/1.1
POST /generate HTTP/1.1
GET /static/css/style.css HTTP/1.1
GET /generated/images/de_1.png HTTP/1.1
GET /generated/images/de_2.png HTTP/1.1
GET /static/js/main.js HTTP/1.1
GET /generated/audio/de_1.mp3 HTTP/1.1
GET /generated/images/de_3.png HTTP/1.1
GET /generated/audio/de_2.mp3 HTTP/1.1
GET /generated/audio/de_3.mp3 HTTP/1.1
GET /favicon.ico HTTP/1.1
GET / HTTP/1.1
GET /static/css/style.css HTTP/1.1
GET /static/js/main.js HTTP/1.1
POST /generate HTTP/1.1
GET /static/css/style.css HTTP/1.1
GET /generated/images/livre_2.png HTTP/1.1
GET /generated/images/livre_3.png HTTP/1.1
GET /static/js/main.js HTTP/1.1
GET /generated/audio/livre_1.mp3 HTTP/1.1
GET /generated/audio/livre_2.mp3 HTTP/1.1
GET /generated/audio/livre_3.mp3 HTTP/1.1
POST /generate HTTP/1.1
GET /static/css/style.css HTTP/1.1
GET /generated/images/de_2.png HTTP/1.1
GET /generated/images/de_3.png HTTP/1.1
GET /static/js/main.js HTTP/1.1
GET /generated/audio/de_1.mp3 HTTP/1.1
GET /generated/audio/de_2.mp3 HTTP/1.1
GET /generated/audio/de_3.mp3 HTTP/1.1
GET /favicon.ico HTTP/1.1
POST /generate HTTP/1.1
GET /generated/images/livre_1.png HTTP/1.1
POST /generate HTTP/1.1
POST /generate HTTP/1.1
POST /generate HTTP/1.1
POST /generate HTTP/1.1
POST /generate HTTP/1.1
POST /generate HTTP/1.1
POST /generate HTTP/1.1
POST /generate HTTP/1.1
POST /generate HTTP/1.1
POST /generate HTTP/1.1
POST /generate HTTP/1.1
POST /generate HTTP/1.1
POST /generate HTTP/1.1
POST /generate HTTP/1.1
POST /generate HTTP/1.1
POST /generate HTTP/1.1
POST /generate HTTP/1.1
GET / HTTP/1.1
GET /static/js/main.js HTTP/1.1
GET /static/css/style.css HTTP/1.1
GET /favicon.ico HTTP/1.1
POST /generate HTTP/1.1
GET /static/css/style.css HTTP/1.1
GET /static/js/main.js HTTP/1.1
GET /generated/audio/livre_1.mp3 HTTP/1.1
GET /generated/audio/livre_2.mp3 HTTP/1.1
GET /generated/audio/livre_3.mp3 HTTP/1.1
GET /favicon.ico HTTP/1.1
POST /generate HTTP/1.1
GET /static/css/style.css HTTP/1.1
GET /static/js/main.js HTTP/1.1
GET /generated/audio/de_2.mp3 HTTP/1.1
GET /generated/audio/de_1.mp3 HTTP/1.1
GET /generated/audio/de_3.mp3 HTTP/1.1
GET /favicon.ico HTTP/1.1
POST /generate HTTP/1.1
GET /static/css/style.css HTTP/1.1
GET /static/js/main.js HTTP/1.1
GET /generated/audio/the_2.mp3 HTTP/1.1
GET /generated/audio/the_3.mp3 HTTP/1.1
GET /favicon.ico HTTP/1.1
POST /generate HTTP/1.1
GET /static/css/style.css HTTP/1.1
GET /static/js/main.js HTTP/1.1
GET /generated/audio/de_1.mp3 HTTP/1.1
GET /generated/audio/de_2.mp3 HTTP/1.1
GET /generated/audio/de_3.mp3 HTTP/1.1
GET /favicon.ico HTTP/1.1
POST /generate HTTP/1.1
POST /generate HTTP/1.1
POST /generate HTTP/1.1
POST /generate HTTP/1.1
POST /generate HTTP/1.1
POST /generate HTTP/1.1
POST /generate HTTP/1.1
POST /generate HTTP/1.1
POST /generate HTTP/1.1
POST /generate HTTP/1.1
POST /generate HTTP/1.1
POST /generate HTTP/1.1
POST /generate HTTP/1.1
POST /generate HTTP/1.1
POST /generate HTTP/1.1
POST /generate HTTP/1.1
POST /generate HTTP/1.1
POST /generate HTTP/1.1
POST /generate HTTP/1.1
POST /generate HTTP/1.1
POST /generate HTTP/1.1
POST /generate HTTP/1.1
POST /generate HTTP/1.1
POST /generate HTTP/1.1
POST /generate HTTP/1.1
POST /generate HTTP/1.1
POST /generate HTTP/1.1
POST /generate HTTP/1.1
POST /generate HTTP/1.1
POST /generate HTTP/1.1
POST /generate HTTP/1.1
POST /generate HTTP/1.1
GET / HTTP/1.1
GET /static/css/style.css HTTP/1.1
GET /static/js/main.js HTTP/1.1
POST /generate HTTP/1.1
GET /static/css/style.css HTTP/1.1
GET /static/js/main.js HTTP/1.1
GET /generated/audio/de_1.mp3 HTTP/1.1
GET /generated/audio/de_2.mp3 HTTP/1.1
GET /generated/audio/de_3.mp3 HTTP/1.1
GET /favicon.ico HTTP/1.1
POST /generate HTTP/1.1
GET /static/css/style.css HTTP/1.1
GET /static/js/main.js HTTP/1.1
GET /generated/audio/livre_1.mp3 HTTP/1.1
GET /generated/audio/livre_2.mp3 HTTP/1.1
GET /generated/audio/livre_3.mp3 HTTP/1.1
GET /favicon.ico HTTP/1.1
POST /generate HTTP/1.1
GET /static/css/style.css HTTP/1.1
GET /static/js/main.js HTTP/1.1
GET /generated/audio/maison_1.mp3 HTTP/1.1
GET /generated/audio/maison_2.mp3 HTTP/1.1
GET /generated/audio/maison_3.mp3 HTTP/1.1
POST /generate HTTP/1.1
POST /generate HTTP/1.1
POST /generate HTTP/1.1
POST /generate HTTP/1.1
POST /generate HTTP/1.1
POST /generate HTTP/1.1
POST /generate HTTP/1.1
POST /generate HTTP/1.1
POST /generate HTTP/1.1
POST /generate HTTP/1.1
POST /generate HTTP/1.1
POST /generate HTTP/1.1
POST /generate HTTP/1.1
POST /generate HTTP/1.1
POST /generate HTTP/1.1
POST /generate HTTP/1.1
POST /generate HTTP/1.1
POST /generate HTTP/1.1
GET / HTTP/1.1
GET /static/css/style.css HTTP/1.1
GET /static/js/main.js HTTP/1.1
POST /generate HTTP/1.1
GET / HTTP/1.1
GET /static/css/style.css HTTP/1.1
GET /static/js/main.js HTTP/1.1
POST /generate HTTP/1.1
POST /generate HTTP/1.1
POST /generate HTTP/1.1
POST /generate HTTP/1.1
POST /generate HTTP/1.1
POST /generate HTTP/1.1
POST /generate HTTP/1.1
GET / HTTP/1.1
GET /static/css/style.css HTTP/1.1
GET /static/js/main.js HTTP/1.1
POST /generate HTTP/1.1
GET /static/css/style.css HTTP/1.1
GET /generated/images/de_1.png HTTP/1.1
GET /generated/images/de_2.png HTTP/1.1
GET /static/js/main.js HTTP/1.1
GET /generated/audio/de_1.mp3 HTTP/1.1
GET /generated/audio/de_2.mp3 HTTP/1.1
GET /favicon.ico HTTP/1.1
POST /generate HTTP/1.1
GET /static/css/style.css HTTP/1.1
GET /static/js/main.js HTTP/1.1
GET /generated/audio/maison_1.mp3 HTTP/1.1
GET /generated/audio/maison_2.mp3 HTTP/1.1
GET /favicon.ico HTTP/1.1
POST /generate HTTP/1.1
POST /generate HTTP/1.1
POST /generate HTTP/1.1
POST /generate HTTP/1.1
POST /generate HTTP/1.1
POST /generate HTTP/1.1
POST /generate HTTP/1.1
POST /generate HTTP/1.1
POST /generate HTTP/1.1
POST /generate HTTP/1.1
POST /generate HTTP/1.1
POST /generate HTTP/1.1
POST /generate HTTP/1.1
POST /generate HTTP/1.1
POST /generate HTTP/1.1
POST /generate HTTP/1.1
POST /generate HTTP/1.1
POST /generate HTTP/1.1
POST /generate HTTP/1.1
POST /generate HTTP/1.1
POST /generate HTTP/1.1
POST /generate HTTP/1.1
POST /generate HTTP/1.1
POST /generate HTTP/1.1
POST /generate HTTP/1.1
POST /generate HTTP/1.1
POST /generate HTTP/1.1
POST /generate HTTP/1.1
POST /generate HTTP/1.1
POST /generate HTTP/1.1
POST /generate HTTP/1.1
GET / HTTP/1.1
GET /static/css/style.css HTTP/1.1
GET /static/js/main.js HTTP/1.1
POST /generate HTTP/1.1
GET /static/css/style.css HTTP/1.1
GET /generated/images/maison_1.png HTTP/1.1
GET /static/js/main.js HTTP/1.1
GET /generated/audio/maison_1.mp3 HTTP/1.1
GET /favicon.ico HTTP/1.1
POST /generate HTTP/1.1
GET /static/css/style.css HTTP/1.1
GET /generated/images/de_1.png HTTP/1.1
GET /static/js/main.js HTTP/1.1
GET /generated/audio/de_1.mp3 HTTP/1.1
GET /favicon.ico HTTP/1.1
POST /generate HTTP/1.1
GET /static/css/style.css HTTP/1.1
GET /generated/images/the_1.png HTTP/1.1
GET /static/js/main.js HTTP/1.1
GET /generated/audio/the_1.mp3 HTTP/1.1
GET /favicon.ico HTTP/1.1
POST /generate HTTP/1.1
POST /generate HTTP/1.1
POST /generate HTTP/1.1
POST /generate HTTP/1.1
POST /generate HTTP/1.1
POST /generate HTTP/1.1
POST /generate HTTP/1.1
POST /generate HTTP/1.1
POST /generate HTTP/1.1
GET / HTTP/1.1
GET /static/css/style.css HTTP/1.1
GET /static/js/main.js HTTP/1.1
POST /generate HTTP/1.1
GET /static/css/style.css HTTP/1.1
GET /generated/images/the_1.png HTTP/1.1
GET /static/js/main.js HTTP/1.1
GET /generated/audio/the_1.mp3 HTTP/1.1
GET /favicon.ico HTTP/1.1
POST /generate HTTP/1.1
GET /static/css/style.css HTTP/1.1
GET /generated/images/the_1.png HTTP/1.1
GET /static/js/main.js HTTP/1.1
GET /generated/audio/the_1.mp3 HTTP/1.1
GET /favicon.ico HTTP/1.1
POST /generate HTTP/1.1
POST /generate HTTP/1.1
POST /generate HTTP/1.1
POST /generate HTTP/1.1
POST /generate HTTP/1.1
POST /generate HTTP/1.1
POST /generate HTTP/1.1
POST /generate HTTP/1.1
POST /generate HTTP/1.1
POST /generate HTTP/1.1
POST /generate HTTP/1.1
POST /generate HTTP/1.1
GET / HTTP/1.1
GET /static/css/style.css HTTP/1.1
POST /generate HTTP/1.1
GET /static/css/style.css HTTP/1.1
GET /generated/images/for_1.png HTTP/1.1
GET /generated/images/for_2.png HTTP/1.1
GET /static/js/main.js HTTP/1.1
GET /generated/images/for_3.png HTTP/1.1
GET /generated/audio/for_1.mp3 HTTP/1.1
GET /generated/audio/for_2.mp3 HTTP/1.1
GET /generated/audio/for_3.mp3 HTTP/1.1
GET /favicon.ico HTTP/1.1
POST /generate HTTP/1.1
POST /generate HTTP/1.1
POST /generate HTTP/1.1
POST /generate HTTP/1.1
POST /generate HTTP/1.1
POST /generate HTTP/1.1
POST /generate HTTP/1.1
POST /generate HTTP/1.1
POST /generate HTTP/1.1
POST /generate HTTP/1.1
POST /generate HTTP/1.1
POST /generate HTTP/1.1
POST /generate HTTP/1.1
POST /generate HTTP/1.1
POST /generate HTTP/1.1
POST /generate HTTP/1.1
POST /generate HTTP/1.1
POST /generate HTTP/1.1
POST /generate HTTP/1.1
POST /generate HTTP/1.1
POST /generate HTTP/1.1
POST /generate HTTP/1.1
POST /generate HTTP/1.1
POST /generate HTTP/1.1
POST /generate HTTP/1.1
POST /generate HTTP/1.1
POST /generate HTTP/1.1
POST /generate HTTP/1.1
POST /generate HTTP/1.1
POST /generate HTTP/1.1
GET /static/css/style.css HTTP/1.1
GET /generated/images/school_1.png HTTP/1.1
GET /static/js/main.js HTTP/1.1
GET /generated/audio/school_1.mp3 HTTP/1.1
GET /favicon.ico HTTP/1.1
GET /favicon.ico HTTP/1.1
POST /generate HTTP/1.1
GET /static/css/style.css HTTP/1.1
GET /generated/images/school_1.png HTTP/1.1
GET /static/js/main.js HTTP/1.1
GET /generated/audio/school_1.mp3 HTTP/1.1
GET /favicon.ico HTTP/1.1
GET /favicon.ico HTTP/1.1
GET / HTTP/1.1
GET /static/css/style.css HTTP/1.1
GET /static/js/main.js HTTP/1.1
POST /generate HTTP/1.1
GET /static/css/style.css HTTP/1.1
GET /generated/images/school_1.png HTTP/1.1
GET /static/js/main.js HTTP/1.1
GET /generated/audio/school_1.mp3 HTTP/1.1
GET /favicon.ico HTTP/1.1
POST /generate HTTP/1.1
GET /static/css/style.css HTTP/1.1
GET /generated/images/nouvelle_1.png HTTP/1.1
GET /static/js/main.js HTTP/1.1
GET /generated/audio/nouvelle_1.mp3 HTTP/1.1
GET /favicon.ico HTTP/1.1
POST /generate HTTP/1.1
GET /static/css/style.css HTTP/1.1
GET /generated/images/ecole_1.png HTTP/1.1
GET /static/js/main.js HTTP/1.1
GET /generated/audio/ecole_1.mp3 HTTP/1.1
POST /generate HTTP/1.1
POST /generate HTTP/1.1
POST /generate HTTP/1.1
POST /generate HTTP/1.1
POST /generate HTTP/1.1
POST /generate HTTP/1.1
POST /generate HTTP/1.1
POST /generate HTTP/1.1
POST /generate HTTP/1.1
POST /generate HTTP/1.1
POST /generate HTTP/1.1
POST /generate HTTP/1.1
POST /generate HTTP/1.1
POST /generate HTTP/1.1
POST /generate HTTP/1.1
POST /generate HTTP/1.1
POST /generate HTTP/1.1
POST /generate HTTP/1.1
POST /generate HTTP/1.1
POST /generate HTTP/1.1
POST /generate HTTP/1.1
GET / HTTP/1.1
GET /static/css/style.css HTTP/1.1
GET /static/js/main.js HTTP/1.1
POST /generate HTTP/1.1
GET /static/css/style.css HTTP/1.1
GET /static/js/main.js HTTP/1.1
GET /generated/audio/nouvelle_1.mp3 HTTP/1.1
GET /generated/audio/nouvelle_2.mp3 HTTP/1.1
GET /generated/audio/nouvelle_3.mp3 HTTP/1.1
GET /favicon.ico HTTP/1.1
POST /generate HTTP/1.1
GET /static/css/style.css HTTP/1.1
GET /static/js/main.js HTTP/1.1
GET /generated/audio/school_1.mp3 HTTP/1.1
GET /generated/audio/school_2.mp3 HTTP/1.1
GET /generated/audio/school_3.mp3 HTTP/1.1
GET /favicon.ico HTTP/1.1
POST /generate HTTP/1.1
GET /static/css/style.css HTTP/1.1
GET /static/js/main.js HTTP/1.1
GET /generated/audio/book_1.mp3 HTTP/1.1
GET /generated/audio/book_2.mp3 HTTP/1.1
GET /generated/audio/book_3.mp3 HTTP/1.1
GET /favicon.ico HTTP/1.1
POST /generate HTTP/1.1
GET /static/css/style.css HTTP/1.1
GET /generated/images/book_1.png HTTP/1.1
GET /generated/images/book_2.png HTTP/1.1
GET /generated/audio/book_1.mp3 HTTP/1.1
GET /generated/audio/book_2.mp3 HTTP/1.1
GET /generated/audio/book_3.mp3 HTTP/1.1
GET /static/js/main.js HTTP/1.1
GET /generated/images/book_3.png HTTP/1.1
GET /favicon.ico HTTP/1.1
GET /favicon.ico HTTP/1.1
POST /generate HTTP/1.1
GET /static/css/style.css HTTP/1.1
GET /generated/images/school_1.png HTTP/1.1
GET /static/js/main.js HTTP/1.1
GET /generated/audio/school_1.mp3 HTTP/1.1
GET /favicon.ico HTTP/1.1
GET / HTTP/1.1
GET /static/css/style.css HTTP/1.1
GET /static/js/main.js HTTP/1.1
POST /generate HTTP/1.1
GET /static/css/style.css HTTP/1.1
GET /static/js/main.js HTTP/1.1
GET /generated/audio/nouvelle_1.mp3 HTTP/1.1
GET /generated/audio/nouvelle_2.mp3 HTTP/1.1
GET /favicon.ico HTTP/1.1
POST /generate HTTP/1.1
GET /static/css/style.css HTTP/1.1
GET /static/js/main.js HTTP/1.1
GET /generated/audio/school_1.mp3 HTTP/1.1
GET /generated/audio/school_2.mp3 HTTP/1.1
GET /favicon.ico HTTP/1.1
POST /generate HTTP/1.1
POST /generate HTTP/1.1
POST /generate HTTP/1.1
POST /generate HTTP/1.1
POST /generate HTTP/1.1
POST /generate HTTP/1.1
POST /generate HTTP/1.1
POST /generate HTTP/1.1
POST /generate HTTP/1.1
POST /generate HTTP/1.1
POST /generate HTTP/1.1
POST /generate HTTP/1.1
POST /generate HTTP/1.1
POST /generate HTTP/1.1
POST /generate HTTP/1.1
POST /generate HTTP/1.1
POST /generate HTTP/1.1
POST /generate HTTP/1.1
POST /generate HTTP/1.1
POST /generate HTTP/1.1
POST /generate HTTP/1.1
POST /generate HTTP/1.1
POST /generate HTTP/1.1
POST /generate HTTP/1.1
POST /generate HTTP/1.1
POST /generate HTTP/1.1
POST /generate HTTP/1.1
POST /generate HTTP/1.1
POST /generate HTTP/1.1
POST /generate HTTP/1.1
POST /generate HTTP/1.1
POST /generate HTTP/1.1
POST /generate HTTP/1.1
POST /generate HTTP/1.1
POST /generate HTTP/1.1
POST /generate HTTP/1.1
POST /generate HTTP/1.1
POST /generate HTTP/1.1
POST /generate HTTP/1.1
POST /generate HTTP/1.1
POST /generate HTTP/1.1
POST /generate HTTP/1.1
POST /generate HTTP/1.1
POST /generate HTTP/1.1
POST /generate HTTP/1.1
POST /generate HTTP/1.1
POST /generate HTTP/1.1
POST /generate HTTP/1.1
POST /generate HTTP/1.1
POST /generate HTTP/1.1
POST /generate HTTP/1.1
POST /generate HTTP/1.1
POST /generate HTTP/1.1
POST /generate HTTP/1.1
POST /generate HTTP/1.1
POST /generate HTTP/1.1
GET / HTTP/1.1
GET /static/css/style.css HTTP/1.1
GET /static/js/main.js HTTP/1.1
GET /favicon.ico HTTP/1.1
POST /generate HTTP/1.1
GET /static/css/style.css HTTP/1.1
GET /static/js/main.js HTTP/1.1
GET /generated/audio/nouvelle_1.mp3 HTTP/1.1
GET /generated/audio/nouvelle_2.mp3 HTTP/1.1
GET /favicon.ico HTTP/1.1
POST /generate HTTP/1.1
GET /static/css/style.css HTTP/1.1
GET /static/js/main.js HTTP/1.1
GET /generated/audio/maison_1.mp3 HTTP/1.1
GET /generated/audio/maison_2.mp3 HTTP/1.1
POST /generate HTTP/1.1
GET /static/css/style.css HTTP/1.1
GET /static/js/main.js HTTP/1.1
GET /generated/audio/maison_1.mp3 HTTP/1.1
GET /generated/audio/maison_2.mp3 HTTP/1.1
POST /generate HTTP/1.1
GET /static/css/style.css HTTP/1.1
GET /static/js/main.js HTTP/1.1
GET /generated/audio/livre_1.mp3 HTTP/1.1
GET /generated/audio/livre_2.mp3 HTTP/1.1
GET /favicon.ico HTTP/1.1
POST /generate HTTP/1.1
GET /static/css/style.css HTTP/1.1
GET /static/js/main.js HTTP/1.1
GET /generated/audio/livre_2.mp3 HTTP/1.1
GET /favicon.ico HTTP/1.1
POST /generate HTTP/1.1
GET /static/css/style.css HTTP/1.1
GET /static/js/main.js HTTP/1.1
GET /generated/audio/livre_1.mp3 HTTP/1.1
GET /generated/audio/livre_2.mp3 HTTP/1.1
POST /generate HTTP/1.1
GET /static/css/style.css HTTP/1.1
GET /generated/audio/de_1.mp3 HTTP/1.1
GET /static/js/main.js HTTP/1.1
GET /generated/audio/de_2.mp3 HTTP/1.1
GET /favicon.ico HTTP/1.1
POST /generate HTTP/1.1
GET /static/css/style.css HTTP/1.1
GET /static/js/main.js HTTP/1.1
GET /generated/audio/die_1.mp3 HTTP/1.1
GET /generated/audio/die_2.mp3 HTTP/1.1
GET /favicon.ico HTTP/1.1
POST /generate HTTP/1.1
GET /static/css/style.css HTTP/1.1
GET /static/js/main.js HTTP/1.1
p3 HTTP/1.1
GET /generated/audio/nouvelle_2.mp3 HTTP/1.1
POST /generate HTTP/1.1
GET /static/css/style.css HTTP/1.1
GET /static/js/main.js HTTP/1.1
GET /generated/audio/famile_1.mp3 HTTP/1.1
GET /generated/audio/famile_2.mp3 HTTP/1.1
GET /favicon.ico HTTP/1.1
POST /generate HTTP/1.1
GET /static/css/style.css HTTP/1.1
GET /static/js/main.js HTTP/1.1
GET /generated/audio/famille_1.mp3 HTTP/1.1
GET /generated/audio/famille_2.mp3 HTTP/1.1
GET /favicon.ico HTTP/1.1
POST /generate HTTP/1.1
GET /static/css/style.css HTTP/1.1
GET /static/js/main.js HTTP/1.1
GET /generated/audio/voiture_1.mp3 HTTP/1.1
GET /generated/audio/voiture_2.mp3 HTTP/1.1
GET /favicon.ico HTTP/1.1
POST /generate HTTP/1.1
GET /static/css/style.css HTTP/1.1
GET /generated/images/voiture_1.png HTTP/1.1
GET /static/js/main.js HTTP/1.1
GET /generated/images/voiture_2.png HTTP/1.1
GET /generated/audio/voiture_1.mp3 HTTP/1.1
GET /generated/audio/voiture_2.mp3 HTTP/1.1
GET /favicon.ico HTTP/1.1
GET /favicon.ico HTTP/1.1
POST /generate HTTP/1.1
GET /static/css/style.css HTTP/1.1
GET /generated/images/voiture_1.png HTTP/1.1
GET /generated/images/voiture_2.png HTTP/1.1
GET /static/js/main.js HTTP/1.1
ng HTTP/1.1
GET /generated/audio/voiture_1.mp3 HTTP/1.1
GET /generated/audio/voiture_2.mp3 HTTP/1.1
GET /generated/audio/voiture_3.mp3 HTTP/1.1
GET /favicon.ico HTTP/1.1
POST /generate HTTP/1.1
GET /static/css/style.css HTTP/1.1
GET /generated/images/travail_1.png HTTP/1.1
GET /generated/images/travail_2.png HTTP/1.1
GET /generated/images/travail_3.png HTTP/1.1
GET /static/js/main.js HTTP/1.1
GET /generated/audio/travail_1.mp3 HTTP/1.1
GET /generated/audio/travail_2.mp3 HTTP/1.1
GET /generated/audio/travail_3.mp3 HTTP/1.1
GET /favicon.ico HTTP/1.1
POST /generate HTTP/1.1
GET /static/css/style.css HTTP/1.1
GET /generated/images/nouvelle_1.png HTTP/1.1
GET /static/js/main.js HTTP/1.1
GET /generated/images/nouvelle_3.png HTTP/1.1
GET /generated/images/nouvelle_2.png HTTP/1.1
GET /generated/audio/nouvelle_1.mp3 HTTP/1.1
GET /generated/audio/nouvelle_2.mp3 HTTP/1.1
GET /generated/audio/nouvelle_3.mp3 HTTP/1.1
GET /favicon.ico HTTP/1.1
POST /generate HTTP/1.1
GET /static/css/style.css HTTP/1.1
GET /generated/images/school_1.png HTTP/1.1
GET /generated/images/school_2.png HTTP/1.1
GET /generated/audio/school_1.mp3 HTTP/1.1
GET /generated/audio/school_2.mp3 HTTP/1.1
GET /static/js/main.js HTTP/1.1
GET /favicon.ico HTTP/1.1
POST /generate HTTP/1.1
GET /static/css/style.css HTTP/1.1
GET /generated/images/school_1.png HTTP/1.1
GET /generated/images/school_2.png HTTP/1.1
GET /static/js/main.js HTTP/1.1
GET /generated/audio/school_1.mp3 HTTP/1.1
GET /generated/audio/school_2.mp3 HTTP/1.1
GET /favicon.ico HTTP/1.1
POST /generate HTTP/1.1
GET /static/css/style.css HTTP/1.1
GET /generated/images/football_1.png HTTP/1.1
GET /generated/images/football_2.png HTTP/1.1
GET /generated/audio/football_1.mp3 HTTP/1.1
GET /generated/audio/football_2.mp3 HTTP/1.1
GET /static/js/main.js HTTP/1.1
GET /favicon.ico HTTP/1.1
POST /generate HTTP/1.1
GET /static/css/style.css HTTP/1.1
GET /generated/images/work_1.png HTTP/1.1
GET /generated/images/work_2.png HTTP/1.1
GET /static/js/main.js HTTP/1.1
GET /generated/audio/work_1.mp3 HTTP/1.1
GET /generated/audio/work_2.mp3 HTTP/1.1
GET /favicon.ico HTTP/1.1
POST /generate HTTP/1.1
GET /static/css/style.css HTTP/1.1
GET /generated/images/de_1.png HTTP/1.1
GET /generated/images/de_2.png HTTP/1.1
GET /generated/audio/de_1.mp3 HTTP/1.1
GET /generated/audio/de_2.mp3 HTTP/1.1
GET /favicon.ico HTTP/1.1
POST /generate HTTP/1.1
GET /static/css/style.css HTTP/1.1
GET /generated/audio/die_1.mp3 HTTP/1.1
GET /generated/images/die_2.png HTTP/1.1
GET /generated/images/die_1.png HTTP/1.1
GET /generated/audio/die_2.mp3 HTTP/1.1
GET /favicon.ico HTTP/1.1
POST /generate HTTP/1.1
GET /static/css/style.css HTTP/1.1
GET /generated/images/nouvelle_1.png HTTP/1.1
GET /generated/audio/nouvelle_3.mp3 HTTP/1.1
GET /generated/images/nouvelle_2.png HTTP/1.1
GET /generated/audio/nouvelle_1.mp3 HTTP/1.1
GET /generated/audio/nouvelle_2.mp3 HTTP/1.1
GET /static/js/main.js HTTP/1.1
GET /generated/images/nouvelle_3.png HTTP/1.1
POST /generate HTTP/1.1
GET /static/css/style.css HTTP/1.1
GET /generated/images/nouvelle_1.png HTTP/1.1
GET /generated/audio/nouvelle_1.mp3 HTTP/1.1
GET /generated/images/nouvelle_2.png HTTP/1.1
GET /generated/audio/nouvelle_2.mp3 HTTP/1.1
GET /generated/audio/nouvelle_3.mp3 HTTP/1.1
GET /static/js/main.js HTTP/1.1
GET /generated/images/nouvelle_3.png HTTP/1.1
GET /favicon.ico HTTP/1.1
